This file contains any messages produced by compilers while
running configure, to aid debugging if configure makes a mistake.

It was created by FreeType configure 2.10.2, which was
generated by GNU Autoconf 2.69.  Invocation command line was

  $ ./configure --host=x86_64-w64-mingw32 CFLAGS=-LC:\msys64\mingw64\lib

## --------- ##
## Platform. ##
## --------- ##

hostname = Chris-PC
uname -m = x86_64
uname -r = 3.0.7-338.x86_64
uname -s = MSYS_NT-6.1-7601
uname -v = 2019-07-11 10:58 UTC

/usr/bin/uname -p = unknown
/bin/uname -X     = unknown

/bin/arch              = x86_64
/usr/bin/arch -k       = unknown
/usr/convex/getsysinfo = unknown
/usr/bin/hostinfo      = unknown
/bin/machine           = unknown
/usr/bin/oslevel       = unknown
/bin/universe          = unknown

PATH: /usr/bin
PATH: /c/Users/Chris/Documents/Chromium/depot_tools/bootstrap-3_8_0_chromium_8_bin/python/bin
PATH: /c/Users/Chris/Documents/Chromium/depot_tools
PATH: /c/Windows/system32
PATH: /c/Windows
PATH: /c/Windows/System32/Wbem
PATH: /c/Windows/System32/WindowsPowerShell/v1.0
PATH: /c/Program Files (x86)/NVIDIA Corporation/PhysX/Common
PATH: /c/Program Files/dotnet
PATH: /c/Program Files (x86)/STMicroelectronics/STM32 ST-LINK Utility/ST-LINK Utility
PATH: /mingw64/bin
PATH: /c/Program Files/Git/cmd
PATH: /c/Program Files/Microsoft SQL Server/130/Tools/Binn
PATH: /c/Program Files/CMake/bin
PATH: /c/Program Files/NVIDIA Corporation/NVIDIA NvDLISR
PATH: /c/Program Files (x86)/Toshiba/Bluetooth Toshiba Stack/sys
PATH: /c/Program Files (x86)/Toshiba/Bluetooth Toshiba Stack/sys/x64
PATH: /c/Users/Chris/AppData/Local/GitHubDesktop/bin


## ----------- ##
## Core tests. ##
## ----------- ##

configure:2413: loading site script /usr/local/etc/config.site
| # This file is in public domain.
| # Original author: Karlson2k (Evgeny Grin)
| # Written for MSys2 to help running 'configure' scripts
| 
| # Use correct config.site file even if CONFIG_SITE is not set
| if test -r /etc/config.site; then
|   . /etc/config.site
| fi
config.site:31: default build_alias set to x86_64-pc-msys
config.site:38: default prefix set to /usr
configure:2558: checking build system type
configure:2572: result: x86_64-pc-msys
configure:2592: checking host system type
configure:2605: result: x86_64-w64-mingw32
configure:2637: checking for x86_64-w64-mingw32-gcc
configure:2653: found /mingw64/bin/x86_64-w64-mingw32-gcc
configure:2664: result: x86_64-w64-mingw32-gcc
configure:2933: checking for C compiler version
configure:2942: x86_64-w64-mingw32-gcc --version >&5
x86_64-w64-mingw32-gcc.exe (Rev2, Built by MSYS2 project) 10.1.0
Copyright (C) 2020 Free Software Foundation, Inc.
This is free software; see the source for copying conditions.  There is NO
warranty; not even for MERCHANTABILITY or FITNESS FOR A PARTICULAR PURPOSE.

configure:2953: $? = 0
configure:2942: x86_64-w64-mingw32-gcc -v >&5
Using built-in specs.
COLLECT_GCC=C:\msys64\mingw64\bin\x86_64-w64-mingw32-gcc.exe
COLLECT_LTO_WRAPPER=C:/msys64/mingw64/bin/../lib/gcc/x86_64-w64-mingw32/10.1.0/lto-wrapper.exe
Target: x86_64-w64-mingw32
Configured with: ../gcc-10.1.0/configure --prefix=/mingw64 --with-local-prefix=/mingw64/local --build=x86_64-w64-mingw32 --host=x86_64-w64-mingw32 --target=x86_64-w64-mingw32 --with-native-system-header-dir=/mingw64/x86_64-w64-mingw32/include --libexecdir=/mingw64/lib --enable-bootstrap --with-arch=x86-64 --with-tune=generic --enable-languages=c,lto,c++,fortran,ada,objc,obj-c++ --enable-shared --enable-static --enable-libatomic --enable-threads=posix --enable-graphite --enable-fully-dynamic-string --enable-libstdcxx-filesystem-ts=yes --enable-libstdcxx-time=yes --disable-libstdcxx-pch --disable-libstdcxx-debug --disable-isl-version-check --enable-lto --enable-libgomp --disable-multilib --enable-checking=release --disable-rpath --disable-win32-registry --disable-nls --disable-werror --disable-symvers --disable-plugin --with-libiconv --with-system-zlib --with-gmp=/mingw64 --with-mpfr=/mingw64 --with-mpc=/mingw64 --with-isl=/mingw64 --with-pkgversion='Rev2, Built by MSYS2 project' --with-bugurl=https://sourceforge.net/projects/msys2 --with-gnu-as --with-gnu-ld
Thread model: posix
Supported LTO compression algorithms: zlib zstd
gcc version 10.1.0 (Rev2, Built by MSYS2 project) 
configure:2953: $? = 0
configure:2942: x86_64-w64-mingw32-gcc -V >&5
x86_64-w64-mingw32-gcc.exe: error: unrecognized command-line option '-V'
x86_64-w64-mingw32-gcc.exe: fatal error: no input files
compilation terminated.
configure:2953: $? = 1
configure:2942: x86_64-w64-mingw32-gcc -qversion >&5
x86_64-w64-mingw32-gcc.exe: error: unrecognized command-line option '-qversion'; did you mean '--version'?
x86_64-w64-mingw32-gcc.exe: fatal error: no input files
compilation terminated.
configure:2953: $? = 1
configure:2973: checking whether the C compiler works
configure:2995: x86_64-w64-mingw32-gcc -LC:\msys64\mingw64\lib   conftest.c  >&5
configure:2999: $? = 0
configure:3047: result: yes
configure:3050: checking for C compiler default output file name
configure:3052: result: a.exe
configure:3058: checking for suffix of executables
configure:3065: x86_64-w64-mingw32-gcc -o conftest.exe -LC:\msys64\mingw64\lib   conftest.c  >&5
configure:3069: $? = 0
configure:3091: result: .exe
configure:3113: checking whether we are cross compiling
configure:3121: x86_64-w64-mingw32-gcc -o conftest.exe -LC:\msys64\mingw64\lib   conftest.c  >&5
configure:3125: $? = 0
configure:3132: ./conftest.exe
configure:3136: $? = 0
configure:3151: result: no
configure:3156: checking for suffix of object files
configure:3178: x86_64-w64-mingw32-gcc -c -LC:\msys64\mingw64\lib  conftest.c >&5
configure:3182: $? = 0
configure:3203: result: o
configure:3207: checking whether we are using the GNU C compiler
configure:3226: x86_64-w64-mingw32-gcc -c -LC:\msys64\mingw64\lib  conftest.c >&5
configure:3226: $? = 0
configure:3235: result: yes
configure:3244: checking whether x86_64-w64-mingw32-gcc accepts -g
configure:3264: x86_64-w64-mingw32-gcc -c -g  conftest.c >&5
configure:3264: $? = 0
configure:3305: result: yes
configure:3322: checking for x86_64-w64-mingw32-gcc option to accept ISO C89
configure:3385: x86_64-w64-mingw32-gcc  -c -LC:\msys64\mingw64\lib  conftest.c >&5
configure:3385: $? = 0
configure:3398: result: none needed
configure:3423: checking how to run the C preprocessor
configure:3454: x86_64-w64-mingw32-gcc -E  conftest.c
configure:3454: $? = 0
configure:3468: x86_64-w64-mingw32-gcc -E  conftest.c
conftest.c:9:10: fatal error: ac_nonexistent.h: No such file or directory
    9 | #include <ac_nonexistent.h>
      |          ^~~~~~~~~~~~~~~~~~
compilation terminated.
configure:3468: $? = 1
configure: failed program was:
| /* confdefs.h */
| #define PACKAGE_NAME "FreeType"
| #define PACKAGE_TARNAME "freetype"
| #define PACKAGE_VERSION "2.10.2"
| #define PACKAGE_STRING "FreeType 2.10.2"
| #define PACKAGE_BUGREPORT "freetype@nongnu.org"
| #define PACKAGE_URL ""
| /* end confdefs.h.  */
| #include <ac_nonexistent.h>
configure:3493: result: x86_64-w64-mingw32-gcc -E
configure:3513: x86_64-w64-mingw32-gcc -E  conftest.c
configure:3513: $? = 0
configure:3527: x86_64-w64-mingw32-gcc -E  conftest.c
conftest.c:9:10: fatal error: ac_nonexistent.h: No such file or directory
    9 | #include <ac_nonexistent.h>
      |          ^~~~~~~~~~~~~~~~~~
compilation terminated.
configure:3527: $? = 1
configure: failed program was:
| /* confdefs.h */
| #define PACKAGE_NAME "FreeType"
| #define PACKAGE_TARNAME "freetype"
| #define PACKAGE_VERSION "2.10.2"
| #define PACKAGE_STRING "FreeType 2.10.2"
| #define PACKAGE_BUGREPORT "freetype@nongnu.org"
| #define PACKAGE_URL ""
| /* end confdefs.h.  */
| #include <ac_nonexistent.h>
configure:3568: checking for x86_64-w64-mingw32-pkg-config
configure:3601: result: no
configure:3611: checking for pkg-config
configure:3644: result: no
configure:3724: checking how to print strings
configure:3751: result: printf
configure:3772: checking for a sed that does not truncate output
configure:3836: result: /usr/bin/sed
configure:3854: checking for grep that handles long lines and -e
configure:3912: result: /usr/bin/grep
configure:3917: checking for egrep
configure:3979: result: /usr/bin/grep -E
configure:3984: checking for fgrep
configure:4046: result: /usr/bin/grep -F
configure:4081: checking for ld used by x86_64-w64-mingw32-gcc
configure:4148: result: C:/msys64/mingw64/x86_64-w64-mingw32/bin/ld.exe
configure:4155: checking if the linker (C:/msys64/mingw64/x86_64-w64-mingw32/bin/ld.exe) is GNU ld
configure:4170: result: yes
configure:4182: checking for BSD- or MS-compatible name lister (nm)
configure:4236: result: no
configure:4250: checking for x86_64-w64-mingw32-dumpbin
configure:4280: result: no
configure:4250: checking for x86_64-w64-mingw32-link
configure:4280: result: no
configure:4294: checking for dumpbin
configure:4324: result: no
configure:4294: checking for link
configure:4310: found /usr/bin/link
configure:4321: result: link -dump
configure:4366: checking the name lister (nm) interface
configure:4373: x86_64-w64-mingw32-gcc -c -LC:\msys64\mingw64\lib  conftest.c >&5
configure:4376: nm "conftest.o"
configure:4379: output
0000000000000000 b .bss
0000000000000000 d .data
0000000000000000 r .rdata$zzz
0000000000000000 t .text
0000000000000000 B some_variable
configure:4386: result: BSD nm
configure:4389: checking whether ln -s works
configure:4396: result: no, using cp -pR
configure:4401: checking the maximum length of command line arguments
configure:4532: result: 24000
configure:4580: checking how to convert x86_64-pc-msys file names to x86_64-w64-mingw32 format
configure:4620: result: func_convert_file_nix_to_w32
configure:4627: checking how to convert x86_64-pc-msys file names to toolchain format
configure:4647: result: func_convert_file_noop
configure:4654: checking for C:/msys64/mingw64/x86_64-w64-mingw32/bin/ld.exe option to reload object files
configure:4661: result: -r
configure:4695: checking for x86_64-w64-mingw32-objdump
configure:4725: result: no
configure:4735: checking for objdump
configure:4751: found /mingw64/bin/objdump
configure:4762: result: objdump
configure:4791: checking how to recognize dependent libraries
configure:4991: result: file_magic ^x86 archive import|^x86 DLL
configure:5036: checking for x86_64-w64-mingw32-dlltool
configure:5066: result: no
configure:5076: checking for dlltool
configure:5092: found /mingw64/bin/dlltool
configure:5103: result: dlltool
configure:5133: checking how to associate runtime and link libraries
configure:5160: result: func_cygming_dll_for_implib
configure:5177: checking for x86_64-w64-mingw32-ar
configure:5207: result: no
configure:5221: checking for ar
configure:5237: found /mingw64/bin/ar
configure:5248: result: ar
configure:5285: checking for archiver @FILE support
configure:5302: x86_64-w64-mingw32-gcc -c -LC:\msys64\mingw64\lib  conftest.c >&5
configure:5302: $? = 0
configure:5305: ar cru libconftest.a @conftest.lst >&5
configure:5308: $? = 0
configure:5313: ar cru libconftest.a @conftest.lst >&5
C:\msys64\mingw64\bin\ar.exe: conftest.o: No such file or directory
configure:5316: $? = 1
configure:5328: result: @
configure:5346: checking for x86_64-w64-mingw32-strip
configure:5376: result: no
configure:5386: checking for strip
configure:5402: found /mingw64/bin/strip
configure:5413: result: strip
configure:5445: checking for x86_64-w64-mingw32-ranlib
configure:5475: result: no
configure:5485: checking for ranlib
configure:5501: found /mingw64/bin/ranlib
configure:5512: result: ranlib
configure:5589: checking for gawk
configure:5605: found /usr/bin/gawk
configure:5616: result: gawk
configure:5656: checking command to parse nm output from x86_64-w64-mingw32-gcc object
configure:5809: x86_64-w64-mingw32-gcc -c -LC:\msys64\mingw64\lib  conftest.c >&5
configure:5812: $? = 0
configure:5816: nm conftest.o \| sed -n -e 's/^.*[ ]\([ABCDGIRSTW][ABCDGIRSTW]*\)[ ][ ]*\([_A-Za-z][_A-Za-z0-9]*\)$/\1 \2 \2/p' | sed '/ __gnu_lto/d' \> conftest.nm
configure:5819: $? = 0
configure:5885: x86_64-w64-mingw32-gcc -o conftest.exe -LC:\msys64\mingw64\lib   conftest.c conftstm.o >&5
configure:5888: $? = 0
configure:5926: result: ok
configure:5973: checking for sysroot
configure:6003: result: no
configure:6010: checking for a working dd
configure:6048: result: /usr/bin/dd
configure:6052: checking how to truncate binary pipes
configure:6067: result: /usr/bin/dd bs=4096 count=1
configure:6356: checking for x86_64-w64-mingw32-mt
configure:6386: result: no
configure:6396: checking for mt
configure:6426: result: no
configure:6446: checking if : is a manifest tool
configure:6452: : '-?'
configure:6460: result: no
configure:7133: checking for ANSI C header files
configure:7153: x86_64-w64-mingw32-gcc -c -LC:\msys64\mingw64\lib  conftest.c >&5
configure:7153: $? = 0
configure:7226: x86_64-w64-mingw32-gcc -o conftest.exe -LC:\msys64\mingw64\lib   conftest.c  >&5
configure:7226: $? = 0
configure:7226: ./conftest.exe
configure:7226: $? = 0
configure:7237: result: yes
configure:7250: checking for sys/types.h
configure:7250: x86_64-w64-mingw32-gcc -c -LC:\msys64\mingw64\lib  conftest.c >&5
configure:7250: $? = 0
configure:7250: result: yes
configure:7250: checking for sys/stat.h
configure:7250: x86_64-w64-mingw32-gcc -c -LC:\msys64\mingw64\lib  conftest.c >&5
configure:7250: $? = 0
configure:7250: result: yes
configure:7250: checking for stdlib.h
configure:7250: x86_64-w64-mingw32-gcc -c -LC:\msys64\mingw64\lib  conftest.c >&5
configure:7250: $? = 0
configure:7250: result: yes
configure:7250: checking for string.h
configure:7250: x86_64-w64-mingw32-gcc -c -LC:\msys64\mingw64\lib  conftest.c >&5
configure:7250: $? = 0
configure:7250: result: yes
configure:7250: checking for memory.h
configure:7250: x86_64-w64-mingw32-gcc -c -LC:\msys64\mingw64\lib  conftest.c >&5
configure:7250: $? = 0
configure:7250: result: yes
configure:7250: checking for strings.h
configure:7250: x86_64-w64-mingw32-gcc -c -LC:\msys64\mingw64\lib  conftest.c >&5
configure:7250: $? = 0
configure:7250: result: yes
configure:7250: checking for inttypes.h
configure:7250: x86_64-w64-mingw32-gcc -c -LC:\msys64\mingw64\lib  conftest.c >&5
configure:7250: $? = 0
configure:7250: result: yes
configure:7250: checking for stdint.h
configure:7250: x86_64-w64-mingw32-gcc -c -LC:\msys64\mingw64\lib  conftest.c >&5
configure:7250: $? = 0
configure:7250: result: yes
configure:7250: checking for unistd.h
configure:7250: x86_64-w64-mingw32-gcc -c -LC:\msys64\mingw64\lib  conftest.c >&5
configure:7250: $? = 0
configure:7250: result: yes
configure:7264: checking for dlfcn.h
configure:7264: x86_64-w64-mingw32-gcc -c -LC:\msys64\mingw64\lib  conftest.c >&5
conftest.c:53:10: fatal error: dlfcn.h: No such file or directory
   53 | #include <dlfcn.h>
      |          ^~~~~~~~~
compilation terminated.
configure:7264: $? = 1
configure: failed program was:
| /* confdefs.h */
| #define PACKAGE_NAME "FreeType"
| #define PACKAGE_TARNAME "freetype"
| #define PACKAGE_VERSION "2.10.2"
| #define PACKAGE_STRING "FreeType 2.10.2"
| #define PACKAGE_BUGREPORT "freetype@nongnu.org"
| #define PACKAGE_URL ""
| #define STDC_HEADERS 1
| #define HAVE_SYS_TYPES_H 1
| #define HAVE_SYS_STAT_H 1
| #define HAVE_STDLIB_H 1
| #define HAVE_STRING_H 1
| #define HAVE_MEMORY_H 1
| #define HAVE_STRINGS_H 1
| #define HAVE_INTTYPES_H 1
| #define HAVE_STDINT_H 1
| #define HAVE_UNISTD_H 1
| /* end confdefs.h.  */
| #include <stdio.h>
| #ifdef HAVE_SYS_TYPES_H
| # include <sys/types.h>
| #endif
| #ifdef HAVE_SYS_STAT_H
| # include <sys/stat.h>
| #endif
| #ifdef STDC_HEADERS
| # include <stdlib.h>
| # include <stddef.h>
| #else
| # ifdef HAVE_STDLIB_H
| #  include <stdlib.h>
| # endif
| #endif
| #ifdef HAVE_STRING_H
| # if !defined STDC_HEADERS && defined HAVE_MEMORY_H
| #  include <memory.h>
| # endif
| # include <string.h>
| #endif
| #ifdef HAVE_STRINGS_H
| # include <strings.h>
| #endif
| #ifdef HAVE_INTTYPES_H
| # include <inttypes.h>
| #endif
| #ifdef HAVE_STDINT_H
| # include <stdint.h>
| #endif
| #ifdef HAVE_UNISTD_H
| # include <unistd.h>
| #endif
| 
| #include <dlfcn.h>
configure:7264: result: no
configure:7287: checking for x86_64-w64-mingw32-as
configure:7317: result: no
configure:7327: checking for as
configure:7343: found /mingw64/bin/as
configure:7354: result: as
configure:7379: checking for x86_64-w64-mingw32-dlltool
configure:7406: result: dlltool
configure:7471: checking for x86_64-w64-mingw32-objdump
configure:7498: result: objdump
configure:7818: checking for objdir
configure:7833: result: .libs
configure:8093: checking if x86_64-w64-mingw32-gcc supports -fno-rtti -fno-exceptions
configure:8111: x86_64-w64-mingw32-gcc -c -LC:\msys64\mingw64\lib  -fno-rtti -fno-exceptions conftest.c >&5
cc1.exe: warning: command-line option '-fno-rtti' is valid for C++/D/ObjC++ but not for C
configure:8115: $? = 0
configure:8128: result: no
configure:8486: checking for x86_64-w64-mingw32-gcc option to produce PIC
configure:8493: result: -DDLL_EXPORT -DPIC
configure:8501: checking if x86_64-w64-mingw32-gcc PIC flag -DDLL_EXPORT -DPIC works
configure:8519: x86_64-w64-mingw32-gcc -c -LC:\msys64\mingw64\lib  -DDLL_EXPORT -DPIC -DPIC conftest.c >&5
configure:8523: $? = 0
configure:8536: result: yes
configure:8565: checking if x86_64-w64-mingw32-gcc static flag -static works
configure:8593: result: yes
configure:8608: checking if x86_64-w64-mingw32-gcc supports -c -o file.o
configure:8629: x86_64-w64-mingw32-gcc -c -LC:\msys64\mingw64\lib  -o out/conftest2.o conftest.c >&5
configure:8633: $? = 0
configure:8655: result: yes
configure:8663: checking if x86_64-w64-mingw32-gcc supports -c -o file.o
configure:8710: result: yes
configure:8743: checking whether the x86_64-w64-mingw32-gcc linker (C:/msys64/mingw64/x86_64-w64-mingw32/bin/ld.exe) supports shared libraries
configure:10002: result: yes
configure:10039: checking whether -lc should be explicitly linked in
configure:10047: x86_64-w64-mingw32-gcc -c -LC:\msys64\mingw64\lib  conftest.c >&5
configure:10050: $? = 0
configure:10065: x86_64-w64-mingw32-gcc -shared conftest.o  -v -o ./conftest -Wl,--enable-auto-image-base -Xlinker --out-implib -Xlinker conftest 2\>\&1 \| /usr/bin/grep  -lc  \>/dev/null 2\>\&1
configure:10068: $? = 1
configure:10082: result: yes
configure:10242: checking dynamic linker characteristics
configure:11060: result: Win32 ld.exe
configure:11182: checking how to hardcode library paths into programs
configure:11207: result: immediate
configure:11755: checking whether stripping libraries is possible
configure:11760: result: yes
configure:11795: checking if libtool supports shared libraries
configure:11797: result: yes
configure:11800: checking whether to build shared libraries
configure:11825: result: yes
configure:11828: checking whether to build static libraries
configure:11832: result: yes
configure:11869: checking windows.h usability
configure:11869: x86_64-w64-mingw32-gcc -c -LC:\msys64\mingw64\lib  conftest.c >&5
configure:11869: $? = 0
configure:11869: result: yes
configure:11869: checking windows.h presence
configure:11869: x86_64-w64-mingw32-gcc -E  conftest.c
configure:11869: $? = 0
configure:11869: result: yes
configure:11869: checking for windows.h
configure:11869: result: yes
configure:11874: checking for x86_64-w64-mingw32-windres
configure:11904: result: no
configure:11914: checking for windres
configure:11930: found /mingw64/bin/windres
configure:11941: result: windres
configure:12222: checking for a BSD-compatible install
configure:12290: result: /usr/bin/install -c
configure:12309: checking for a thread-safe mkdir -p
configure:12348: result: /usr/bin/mkdir -p
configure:12362: checking for ANSI C header files
configure:12466: result: yes
configure:12477: checking fcntl.h usability
configure:12477: x86_64-w64-mingw32-gcc -c -LC:\msys64\mingw64\lib  conftest.c >&5
configure:12477: $? = 0
configure:12477: result: yes
configure:12477: checking fcntl.h presence
configure:12477: x86_64-w64-mingw32-gcc -E  conftest.c
configure:12477: $? = 0
configure:12477: result: yes
configure:12477: checking for fcntl.h
configure:12477: result: yes
configure:12477: checking for unistd.h
configure:12477: result: yes
configure:12491: checking for an ANSI C-conforming const
configure:12557: x86_64-w64-mingw32-gcc -c -LC:\msys64\mingw64\lib  conftest.c >&5
configure:12557: $? = 0
configure:12564: result: yes
configure:12576: checking size of int
configure:12581: x86_64-w64-mingw32-gcc -o conftest.exe -LC:\msys64\mingw64\lib   conftest.c  >&5
configure:12581: $? = 0
configure:12581: ./conftest.exe
configure:12581: $? = 0
configure:12595: result: 4
configure:12609: checking size of long
configure:12614: x86_64-w64-mingw32-gcc -o conftest.exe -LC:\msys64\mingw64\lib   conftest.c  >&5
configure:12614: $? = 0
configure:12614: ./conftest.exe
configure:12614: $? = 0
configure:12628: result: 4
configure:12639: checking for unsigned long long int
configure:12678: x86_64-w64-mingw32-gcc -o conftest.exe -LC:\msys64\mingw64\lib   conftest.c  >&5
configure:12678: $? = 0
configure:12687: result: yes
configure:12697: checking for long long int
configure:12735: x86_64-w64-mingw32-gcc -o conftest.exe -LC:\msys64\mingw64\lib   conftest.c  >&5
configure:12735: $? = 0
configure:12735: ./conftest.exe
configure:12735: $? = 0
configure:12747: result: yes
configure:12759: checking whether cpp computation of bit length in ftconfig.in works
configure:12814: result: yes
configure:12857: checking for special C compiler options needed for large files
configure:12902: result: no
configure:12908: checking for _FILE_OFFSET_BITS value needed for large files
configure:12933: x86_64-w64-mingw32-gcc -c -LC:\msys64\mingw64\lib  conftest.c >&5
conftest.c:32:33: warning: left shift count >= width of type [-Wshift-count-overflow]
   32 | #define LARGE_OFF_T (((off_t) 1 << 62) - 1 + ((off_t) 1 << 62))
      |                                 ^~
conftest.c:33:23: note: in expansion of macro 'LARGE_OFF_T'
   33 |   int off_t_is_large[(LARGE_OFF_T % 2147483629 == 721
      |                       ^~~~~~~~~~~
conftest.c:32:57: warning: left shift count >= width of type [-Wshift-count-overflow]
   32 | #define LARGE_OFF_T (((off_t) 1 << 62) - 1 + ((off_t) 1 << 62))
      |                                                         ^~
conftest.c:33:23: note: in expansion of macro 'LARGE_OFF_T'
   33 |   int off_t_is_large[(LARGE_OFF_T % 2147483629 == 721
      |                       ^~~~~~~~~~~
conftest.c:32:33: warning: left shift count >= width of type [-Wshift-count-overflow]
   32 | #define LARGE_OFF_T (((off_t) 1 << 62) - 1 + ((off_t) 1 << 62))
      |                                 ^~
conftest.c:34:13: note: in expansion of macro 'LARGE_OFF_T'
   34 |          && LARGE_OFF_T % 2147483647 == 1)
      |             ^~~~~~~~~~~
conftest.c:32:57: warning: left shift count >= width of type [-Wshift-count-overflow]
   32 | #define LARGE_OFF_T (((off_t) 1 << 62) - 1 + ((off_t) 1 << 62))
      |                                                         ^~
conftest.c:34:13: note: in expansion of macro 'LARGE_OFF_T'
   34 |          && LARGE_OFF_T % 2147483647 == 1)
      |             ^~~~~~~~~~~
conftest.c:33:7: error: variably modified 'off_t_is_large' at file scope
   33 |   int off_t_is_large[(LARGE_OFF_T % 2147483629 == 721
      |       ^~~~~~~~~~~~~~
configure:12933: $? = 1
configure: failed program was:
| /* confdefs.h */
| #define PACKAGE_NAME "FreeType"
| #define PACKAGE_TARNAME "freetype"
| #define PACKAGE_VERSION "2.10.2"
| #define PACKAGE_STRING "FreeType 2.10.2"
| #define PACKAGE_BUGREPORT "freetype@nongnu.org"
| #define PACKAGE_URL ""
| #define STDC_HEADERS 1
| #define HAVE_SYS_TYPES_H 1
| #define HAVE_SYS_STAT_H 1
| #define HAVE_STDLIB_H 1
| #define HAVE_STRING_H 1
| #define HAVE_MEMORY_H 1
| #define HAVE_STRINGS_H 1
| #define HAVE_INTTYPES_H 1
| #define HAVE_STDINT_H 1
| #define HAVE_UNISTD_H 1
| #define LT_OBJDIR ".libs/"
| #define STDC_HEADERS 1
| #define HAVE_FCNTL_H 1
| #define HAVE_UNISTD_H 1
| #define SIZEOF_INT 4
| #define SIZEOF_LONG 4
| #define HAVE_UNSIGNED_LONG_LONG_INT 1
| #define HAVE_LONG_LONG_INT 1
| /* end confdefs.h.  */
| #include <sys/types.h>
|  /* Check that off_t can represent 2**63 - 1 correctly.
|     We can't simply define LARGE_OFF_T to be 9223372036854775807,
|     since some C++ compilers masquerading as C compilers
|     incorrectly reject 9223372036854775807.  */
| #define LARGE_OFF_T (((off_t) 1 << 62) - 1 + ((off_t) 1 << 62))
|   int off_t_is_large[(LARGE_OFF_T % 2147483629 == 721
| 		       && LARGE_OFF_T % 2147483647 == 1)
| 		      ? 1 : -1];
| int
| main ()
| {
| 
|   ;
|   return 0;
| }
configure:12957: x86_64-w64-mingw32-gcc -c -LC:\msys64\mingw64\lib  conftest.c >&5
configure:12957: $? = 0
configure:12965: result: 64
configure:13067: checking for stdlib.h
configure:13067: result: yes
configure:13067: checking for unistd.h
configure:13067: result: yes
configure:13067: checking for sys/param.h
configure:13067: x86_64-w64-mingw32-gcc -c -LC:\msys64\mingw64\lib  conftest.c >&5
configure:13067: $? = 0
configure:13067: result: yes
configure:13087: checking for getpagesize
configure:13087: x86_64-w64-mingw32-gcc -o conftest.exe -LC:\msys64\mingw64\lib   conftest.c  >&5
configure:13087: $? = 0
configure:13087: result: yes
configure:13096: checking for working mmap
configure:13243: x86_64-w64-mingw32-gcc -o conftest.exe -LC:\msys64\mingw64\lib   conftest.c  >&5
conftest.c:91:10: fatal error: sys/mman.h: No such file or directory
   91 | #include <sys/mman.h>
      |          ^~~~~~~~~~~~
compilation terminated.
configure:13243: $? = 1
configure: program exited with status 1
configure: failed program was:
| /* confdefs.h */
| #define PACKAGE_NAME "FreeType"
| #define PACKAGE_TARNAME "freetype"
| #define PACKAGE_VERSION "2.10.2"
| #define PACKAGE_STRING "FreeType 2.10.2"
| #define PACKAGE_BUGREPORT "freetype@nongnu.org"
| #define PACKAGE_URL ""
| #define STDC_HEADERS 1
| #define HAVE_SYS_TYPES_H 1
| #define HAVE_SYS_STAT_H 1
| #define HAVE_STDLIB_H 1
| #define HAVE_STRING_H 1
| #define HAVE_MEMORY_H 1
| #define HAVE_STRINGS_H 1
| #define HAVE_INTTYPES_H 1
| #define HAVE_STDINT_H 1
| #define HAVE_UNISTD_H 1
| #define LT_OBJDIR ".libs/"
| #define STDC_HEADERS 1
| #define HAVE_FCNTL_H 1
| #define HAVE_UNISTD_H 1
| #define SIZEOF_INT 4
| #define SIZEOF_LONG 4
| #define HAVE_UNSIGNED_LONG_LONG_INT 1
| #define HAVE_LONG_LONG_INT 1
| #define _FILE_OFFSET_BITS 64
| #define HAVE_STDLIB_H 1
| #define HAVE_UNISTD_H 1
| #define HAVE_SYS_PARAM_H 1
| #define HAVE_GETPAGESIZE 1
| /* end confdefs.h.  */
| #include <stdio.h>
| #ifdef HAVE_SYS_TYPES_H
| # include <sys/types.h>
| #endif
| #ifdef HAVE_SYS_STAT_H
| # include <sys/stat.h>
| #endif
| #ifdef STDC_HEADERS
| # include <stdlib.h>
| # include <stddef.h>
| #else
| # ifdef HAVE_STDLIB_H
| #  include <stdlib.h>
| # endif
| #endif
| #ifdef HAVE_STRING_H
| # if !defined STDC_HEADERS && defined HAVE_MEMORY_H
| #  include <memory.h>
| # endif
| # include <string.h>
| #endif
| #ifdef HAVE_STRINGS_H
| # include <strings.h>
| #endif
| #ifdef HAVE_INTTYPES_H
| # include <inttypes.h>
| #endif
| #ifdef HAVE_STDINT_H
| # include <stdint.h>
| #endif
| #ifdef HAVE_UNISTD_H
| # include <unistd.h>
| #endif
| /* malloc might have been renamed as rpl_malloc. */
| #undef malloc
| 
| /* Thanks to Mike Haertel and Jim Avera for this test.
|    Here is a matrix of mmap possibilities:
| 	mmap private not fixed
| 	mmap private fixed at somewhere currently unmapped
| 	mmap private fixed at somewhere already mapped
| 	mmap shared not fixed
| 	mmap shared fixed at somewhere currently unmapped
| 	mmap shared fixed at somewhere already mapped
|    For private mappings, we should verify that changes cannot be read()
|    back from the file, nor mmap's back from the file at a different
|    address.  (There have been systems where private was not correctly
|    implemented like the infamous i386 svr4.0, and systems where the
|    VM page cache was not coherent with the file system buffer cache
|    like early versions of FreeBSD and possibly contemporary NetBSD.)
|    For shared mappings, we should conversely verify that changes get
|    propagated back to all the places they're supposed to be.
| 
|    Grep wants private fixed already mapped.
|    The main things grep needs to know about mmap are:
|    * does it exist and is it safe to write into the mmap'd area
|    * how to use it (BSD variants)  */
| 
| #include <fcntl.h>
| #include <sys/mman.h>
| 
| #if !defined STDC_HEADERS && !defined HAVE_STDLIB_H
| char *malloc ();
| #endif
| 
| /* This mess was copied from the GNU getpagesize.h.  */
| #ifndef HAVE_GETPAGESIZE
| # ifdef _SC_PAGESIZE
| #  define getpagesize() sysconf(_SC_PAGESIZE)
| # else /* no _SC_PAGESIZE */
| #  ifdef HAVE_SYS_PARAM_H
| #   include <sys/param.h>
| #   ifdef EXEC_PAGESIZE
| #    define getpagesize() EXEC_PAGESIZE
| #   else /* no EXEC_PAGESIZE */
| #    ifdef NBPG
| #     define getpagesize() NBPG * CLSIZE
| #     ifndef CLSIZE
| #      define CLSIZE 1
| #     endif /* no CLSIZE */
| #    else /* no NBPG */
| #     ifdef NBPC
| #      define getpagesize() NBPC
| #     else /* no NBPC */
| #      ifdef PAGESIZE
| #       define getpagesize() PAGESIZE
| #      endif /* PAGESIZE */
| #     endif /* no NBPC */
| #    endif /* no NBPG */
| #   endif /* no EXEC_PAGESIZE */
| #  else /* no HAVE_SYS_PARAM_H */
| #   define getpagesize() 8192	/* punt totally */
| #  endif /* no HAVE_SYS_PARAM_H */
| # endif /* no _SC_PAGESIZE */
| 
| #endif /* no HAVE_GETPAGESIZE */
| 
| int
| main ()
| {
|   char *data, *data2, *data3;
|   const char *cdata2;
|   int i, pagesize;
|   int fd, fd2;
| 
|   pagesize = getpagesize ();
| 
|   /* First, make a file with some known garbage in it. */
|   data = (char *) malloc (pagesize);
|   if (!data)
|     return 1;
|   for (i = 0; i < pagesize; ++i)
|     *(data + i) = rand ();
|   umask (0);
|   fd = creat ("conftest.mmap", 0600);
|   if (fd < 0)
|     return 2;
|   if (write (fd, data, pagesize) != pagesize)
|     return 3;
|   close (fd);
| 
|   /* Next, check that the tail of a page is zero-filled.  File must have
|      non-zero length, otherwise we risk SIGBUS for entire page.  */
|   fd2 = open ("conftest.txt", O_RDWR | O_CREAT | O_TRUNC, 0600);
|   if (fd2 < 0)
|     return 4;
|   cdata2 = "";
|   if (write (fd2, cdata2, 1) != 1)
|     return 5;
|   data2 = (char *) mmap (0, pagesize, PROT_READ | PROT_WRITE, MAP_SHARED, fd2, 0L);
|   if (data2 == MAP_FAILED)
|     return 6;
|   for (i = 0; i < pagesize; ++i)
|     if (*(data2 + i))
|       return 7;
|   close (fd2);
|   if (munmap (data2, pagesize))
|     return 8;
| 
|   /* Next, try to mmap the file at a fixed address which already has
|      something else allocated at it.  If we can, also make sure that
|      we see the same garbage.  */
|   fd = open ("conftest.mmap", O_RDWR);
|   if (fd < 0)
|     return 9;
|   if (data2 != mmap (data2, pagesize, PROT_READ | PROT_WRITE,
| 		     MAP_PRIVATE | MAP_FIXED, fd, 0L))
|     return 10;
|   for (i = 0; i < pagesize; ++i)
|     if (*(data + i) != *(data2 + i))
|       return 11;
| 
|   /* Finally, make sure that changes to the mapped area do not
|      percolate back to the file as seen by read().  (This is a bug on
|      some variants of i386 svr4.0.)  */
|   for (i = 0; i < pagesize; ++i)
|     *(data2 + i) = *(data2 + i) + 1;
|   data3 = (char *) malloc (pagesize);
|   if (!data3)
|     return 12;
|   if (read (fd, data3, pagesize) != pagesize)
|     return 13;
|   for (i = 0; i < pagesize; ++i)
|     if (*(data + i) != *(data3 + i))
|       return 14;
|   close (fd);
|   return 0;
| }
configure:13253: result: no
configure:13321: checking for memcpy
configure:13321: x86_64-w64-mingw32-gcc -o conftest.exe -LC:\msys64\mingw64\lib   conftest.c  >&5
conftest.c:55:6: warning: conflicting types for built-in function 'memcpy'; expected 'void *(void *, const void *, long long unsigned int)' [-Wbuiltin-declaration-mismatch]
   55 | char memcpy ();
      |      ^~~~~~
conftest.c:43:1: note: 'memcpy' is declared in header '<string.h>'
   42 | # include <limits.h>
   43 | #else
configure:13321: $? = 0
configure:13321: result: yes
configure:13321: checking for memmove
configure:13321: x86_64-w64-mingw32-gcc -o conftest.exe -LC:\msys64\mingw64\lib   conftest.c  >&5
conftest.c:56:6: warning: conflicting types for built-in function 'memmove'; expected 'void *(void *, const void *, long long unsigned int)' [-Wbuiltin-declaration-mismatch]
   56 | char memmove ();
      |      ^~~~~~~
conftest.c:44:1: note: 'memmove' is declared in header '<string.h>'
   43 | # include <limits.h>
   44 | #else
configure:13321: $? = 0
configure:13321: result: yes
configure:13435: checking for -fvisibility=hidden compiler flag
configure:13450: x86_64-w64-mingw32-gcc -o conftest.exe -LC:\msys64\mingw64\lib -fvisibility=hidden   conftest.c  >&5
configure:13450: $? = 0
configure:13452: result: yes
configure:13535: checking for ZLIB
configure:13594: result: no
configure:13620: checking for gzsetparams in -lz
configure:13645: x86_64-w64-mingw32-gcc -o conftest.exe -LC:\msys64\mingw64\lib -fvisibility=hidden   conftest.c -lz   >&5
configure:13645: $? = 0
configure:13654: result: yes
configure:13657: checking zlib.h usability
configure:13657: x86_64-w64-mingw32-gcc -c -LC:\msys64\mingw64\lib -fvisibility=hidden  conftest.c >&5
configure:13657: $? = 0
configure:13657: result: yes
configure:13657: checking zlib.h presence
configure:13657: x86_64-w64-mingw32-gcc -E  conftest.c
configure:13657: $? = 0
configure:13657: result: yes
configure:13657: checking for zlib.h
configure:13657: result: yes
configure:13705: checking for BZIP2
configure:13764: result: no
configure:13790: checking for BZ2_bzDecompress in -lbz2
configure:13815: x86_64-w64-mingw32-gcc -o conftest.exe -LC:\msys64\mingw64\lib -fvisibility=hidden   conftest.c -lbz2   >&5
C:/msys64/mingw64/bin/../lib/gcc/x86_64-w64-mingw32/10.1.0/../../../../x86_64-w64-mingw32/bin/ld.exe: cannot find -lbz2
collect2.exe: error: ld returned 1 exit status
configure:13815: $? = 1
configure: failed program was:
| /* confdefs.h */
| #define PACKAGE_NAME "FreeType"
| #define PACKAGE_TARNAME "freetype"
| #define PACKAGE_VERSION "2.10.2"
| #define PACKAGE_STRING "FreeType 2.10.2"
| #define PACKAGE_BUGREPORT "freetype@nongnu.org"
| #define PACKAGE_URL ""
| #define STDC_HEADERS 1
| #define HAVE_SYS_TYPES_H 1
| #define HAVE_SYS_STAT_H 1
| #define HAVE_STDLIB_H 1
| #define HAVE_STRING_H 1
| #define HAVE_MEMORY_H 1
| #define HAVE_STRINGS_H 1
| #define HAVE_INTTYPES_H 1
| #define HAVE_STDINT_H 1
| #define HAVE_UNISTD_H 1
| #define LT_OBJDIR ".libs/"
| #define STDC_HEADERS 1
| #define HAVE_FCNTL_H 1
| #define HAVE_UNISTD_H 1
| #define SIZEOF_INT 4
| #define SIZEOF_LONG 4
| #define HAVE_UNSIGNED_LONG_LONG_INT 1
| #define HAVE_LONG_LONG_INT 1
| #define _FILE_OFFSET_BITS 64
| #define HAVE_STDLIB_H 1
| #define HAVE_UNISTD_H 1
| #define HAVE_SYS_PARAM_H 1
| #define HAVE_GETPAGESIZE 1
| #define HAVE_MEMCPY 1
| #define HAVE_MEMMOVE 1
| /* end confdefs.h.  */
| 
| /* Override any GCC internal prototype to avoid an error.
|    Use char because int might match the return type of a GCC
|    builtin and then its argument prototype would still apply.  */
| #ifdef __cplusplus
| extern "C"
| #endif
| char BZ2_bzDecompress ();
| int
| main ()
| {
| return BZ2_bzDecompress ();
|   ;
|   return 0;
| }
configure:13824: result: no
configure:13875: checking for LIBPNG
configure:13934: result: no
configure:13960: checking for libpng-config
configure:13971: result: no
configure:14011: checking for HARFBUZZ
configure:14070: result: no
configure:14135: checking for BROTLI
configure:14194: result: no
configure:14239: checking for library containing clock_gettime
configure:14270: x86_64-w64-mingw32-gcc -o conftest.exe -LC:\msys64\mingw64\lib -fvisibility=hidden   conftest.c  >&5
configure:14270: $? = 0
configure:14287: result: none required
configure:14886: checking for python3
configure:14902: found /usr/bin/python3
configure:14913: result: python3
configure:14934: checking for python version
configure:14939: result: 3.8.2
configure:14999: checking for `docwriter' Python module
configure:15007: result: no
configure:15265: creating ./config.status

## ---------------------- ##
## Running config.status. ##
## ---------------------- ##

This file was extended by FreeType config.status 2.10.2, which was
generated by GNU Autoconf 2.69.  Invocation command line was

  CONFIG_FILES    = 
  CONFIG_HEADERS  = 
  CONFIG_LINKS    = 
  CONFIG_COMMANDS = 
  $ ./config.status 

on Chris-PC

config.status:1153: creating ftoption.h
config.status:1153: creating unix-cc.mk
config.status:1153: creating unix-def.mk
config.status:1153: creating ftconfig.h
config.status:1348: executing libtool commands
configure:17514:

Library configuration:
  external zlib: yes (autoconf test)
  bzip2:         no
  libpng:        no
  harfbuzz:      no
  brotli:        no

configure:17533:
  Warning: `make refdoc' will fail since pip package `docwriter' is not
  installed.  To install, run `python3 -m pip install docwriter', or to use a Python
  virtual environment, run `make refdoc-venv' (requires pip package
  `virtualenv'). These operations require Python >= 3.5.
  

## ---------------- ##
## Cache variables. ##
## ---------------- ##

ac_cv_build=x86_64-pc-msys
ac_cv_c_compiler_gnu=yes
ac_cv_c_const=yes
ac_cv_env_BROTLI_CFLAGS_set=
ac_cv_env_BROTLI_CFLAGS_value=
ac_cv_env_BROTLI_LIBS_set=
ac_cv_env_BROTLI_LIBS_value=
ac_cv_env_BZIP2_CFLAGS_set=
ac_cv_env_BZIP2_CFLAGS_value=
ac_cv_env_BZIP2_LIBS_set=
ac_cv_env_BZIP2_LIBS_value=
ac_cv_env_CC_set=
ac_cv_env_CC_value=
ac_cv_env_CFLAGS_set=set
ac_cv_env_CFLAGS_value='-LC:\msys64\mingw64\lib'
ac_cv_env_CPPFLAGS_set=
ac_cv_env_CPPFLAGS_value=
ac_cv_env_CPP_set=
ac_cv_env_CPP_value=
ac_cv_env_HARFBUZZ_CFLAGS_set=
ac_cv_env_HARFBUZZ_CFLAGS_value=
ac_cv_env_HARFBUZZ_LIBS_set=
ac_cv_env_HARFBUZZ_LIBS_value=
ac_cv_env_LDFLAGS_set=
ac_cv_env_LDFLAGS_value=
ac_cv_env_LIBPNG_CFLAGS_set=
ac_cv_env_LIBPNG_CFLAGS_value=
ac_cv_env_LIBPNG_LIBS_set=
ac_cv_env_LIBPNG_LIBS_value=
ac_cv_env_LIBS_set=
ac_cv_env_LIBS_value=
ac_cv_env_LT_SYS_LIBRARY_PATH_set=
ac_cv_env_LT_SYS_LIBRARY_PATH_value=
ac_cv_env_PKG_CONFIG_LIBDIR_set=
ac_cv_env_PKG_CONFIG_LIBDIR_value=
ac_cv_env_PKG_CONFIG_PATH_set=
ac_cv_env_PKG_CONFIG_PATH_value=
ac_cv_env_PKG_CONFIG_set=
ac_cv_env_PKG_CONFIG_value=
ac_cv_env_ZLIB_CFLAGS_set=
ac_cv_env_ZLIB_CFLAGS_value=
ac_cv_env_ZLIB_LIBS_set=
ac_cv_env_ZLIB_LIBS_value=
ac_cv_env_build_alias_set=
ac_cv_env_build_alias_value=
ac_cv_env_host_alias_set=set
ac_cv_env_host_alias_value=x86_64-w64-mingw32
ac_cv_env_target_alias_set=
ac_cv_env_target_alias_value=
ac_cv_exeext=.exe
ac_cv_func_getpagesize=yes
ac_cv_func_memcpy=yes
ac_cv_func_memmove=yes
ac_cv_func_mmap_fixed_mapped=no
ac_cv_header_dlfcn_h=no
ac_cv_header_fcntl_h=yes
ac_cv_header_inttypes_h=yes
ac_cv_header_memory_h=yes
ac_cv_header_stdc=yes
ac_cv_header_stdint_h=yes
ac_cv_header_stdlib_h=yes
ac_cv_header_string_h=yes
ac_cv_header_strings_h=yes
ac_cv_header_sys_param_h=yes
ac_cv_header_sys_stat_h=yes
ac_cv_header_sys_types_h=yes
ac_cv_header_unistd_h=yes
ac_cv_header_windows_h=yes
ac_cv_header_zlib_h=yes
ac_cv_host=x86_64-w64-mingw32
ac_cv_lib_bz2_BZ2_bzDecompress=no
ac_cv_lib_z_gzsetparams=yes
ac_cv_objext=o
ac_cv_path_EGREP='/usr/bin/grep -E'
ac_cv_path_FGREP='/usr/bin/grep -F'
ac_cv_path_GREP=/usr/bin/grep
ac_cv_path_SED=/usr/bin/sed
ac_cv_path_install='/usr/bin/install -c'
ac_cv_path_lt_DD=/usr/bin/dd
ac_cv_path_mkdir=/usr/bin/mkdir
ac_cv_prog_AWK=gawk
ac_cv_prog_CC=x86_64-w64-mingw32-gcc
ac_cv_prog_CPP='x86_64-w64-mingw32-gcc -E'
ac_cv_prog_DLLTOOL=dlltool
ac_cv_prog_OBJDUMP=objdump
ac_cv_prog_PYTHON=python3
ac_cv_prog_ac_ct_AR=ar
ac_cv_prog_ac_ct_AS=as
ac_cv_prog_ac_ct_DLLTOOL=dlltool
ac_cv_prog_ac_ct_DUMPBIN='link -dump'
ac_cv_prog_ac_ct_OBJDUMP=objdump
ac_cv_prog_ac_ct_RANLIB=ranlib
ac_cv_prog_ac_ct_RC=windres
ac_cv_prog_ac_ct_STRIP=strip
ac_cv_prog_cc_c89=
ac_cv_prog_cc_g=yes
ac_cv_search_clock_gettime='none required'
ac_cv_sizeof_int=4
ac_cv_sizeof_long=4
ac_cv_sys_file_offset_bits=64
ac_cv_sys_largefile_CC=no
ac_cv_type_long_long_int=yes
ac_cv_type_unsigned_long_long_int=yes
lt_cv_ar_at_file=@
lt_cv_archive_cmds_need_lc=yes
lt_cv_deplibs_check_method='file_magic ^x86 archive import|^x86 DLL'
lt_cv_file_magic_cmd=func_win32_libid
lt_cv_file_magic_test_file=
lt_cv_ld_reload_flag=-r
lt_cv_nm_interface='BSD nm'
lt_cv_objdir=.libs
lt_cv_path_LD=C:/msys64/mingw64/x86_64-w64-mingw32/bin/ld.exe
lt_cv_path_NM=no
lt_cv_path_mainfest_tool=no
lt_cv_prog_compiler_c_o=yes
lt_cv_prog_compiler_c_o_RC=yes
lt_cv_prog_compiler_pic='-DDLL_EXPORT -DPIC'
lt_cv_prog_compiler_pic_works=yes
lt_cv_prog_compiler_rtti_exceptions=no
lt_cv_prog_compiler_static_works=yes
lt_cv_prog_gnu_ld=yes
lt_cv_sharedlib_from_linklib_cmd=func_cygming_dll_for_implib
lt_cv_sys_global_symbol_pipe='sed -n -e '\''s/^.*[	 ]\([ABCDGIRSTW][ABCDGIRSTW]*\)[	 ][	 ]*\([_A-Za-z][_A-Za-z0-9]*\)$/\1 \2 \2/p'\'' | sed '\''/ __gnu_lto/d'\'''
lt_cv_sys_global_symbol_to_c_name_address='sed -n -e '\''s/^: \(.*\) .*$/  {"\1", (void *) 0},/p'\'' -e '\''s/^[ABCDGIRSTW][ABCDGIRSTW]* .* \(.*\)$/  {"\1", (void *) \&\1},/p'\'''
lt_cv_sys_global_symbol_to_c_name_address_lib_prefix='sed -n -e '\''s/^: \(.*\) .*$/  {"\1", (void *) 0},/p'\'' -e '\''s/^[ABCDGIRSTW][ABCDGIRSTW]* .* \(lib.*\)$/  {"\1", (void *) \&\1},/p'\'' -e '\''s/^[ABCDGIRSTW][ABCDGIRSTW]* .* \(.*\)$/  {"lib\1", (void *) \&\1},/p'\'''
lt_cv_sys_global_symbol_to_cdecl='sed -n -e '\''s/^T .* \(.*\)$/extern int \1();/p'\'' -e '\''s/^[ABCDGIRSTW][ABCDGIRSTW]* .* \(.*\)$/extern char \1;/p'\'''
lt_cv_sys_global_symbol_to_import=
lt_cv_sys_max_cmd_len=24000
lt_cv_to_host_file_cmd=func_convert_file_nix_to_w32
lt_cv_to_tool_file_cmd=func_convert_file_noop
lt_cv_truncate_bin='/usr/bin/dd bs=4096 count=1'

## ----------------- ##
## Output variables. ##
## ----------------- ##

AR='ar'
AS='as'
AWK='gawk'
BROTLI_CFLAGS=''
BROTLI_LIBS=''
BZIP2_CFLAGS=''
BZIP2_LIBS=''
CC='x86_64-w64-mingw32-gcc'
CC_BUILD='x86_64-w64-mingw32-gcc'
CFLAGS='-LC:\msys64\mingw64\lib -fvisibility=hidden '
CPP='x86_64-w64-mingw32-gcc -E'
CPPFLAGS=''
DEFS='-DHAVE_CONFIG_H'
DLLTOOL='dlltool'
DSYMUTIL=''
DUMPBIN=':'
ECHO_C=''
ECHO_N='-n'
ECHO_T=''
EGREP='/usr/bin/grep -E'
EXEEXT='.exe'
EXEEXT_BUILD='.exe'
FGREP='/usr/bin/grep -F'
FTSYS_SRC='$(BASE_DIR)/ftsystem.c'
GREP='/usr/bin/grep'
HARFBUZZ_CFLAGS=''
HARFBUZZ_LIBS=''
INSTALL_DATA='${INSTALL} -m 644'
INSTALL_FT2_CONFIG='FALSE'
INSTALL_PROGRAM='${INSTALL}'
INSTALL_SCRIPT='${INSTALL}'
LD='C:/msys64/mingw64/x86_64-w64-mingw32/bin/ld.exe'
LDFLAGS=' -lz'
LIBOBJS=''
LIBPNG_CFLAGS=''
LIBPNG_LIBS=''
LIBS=''
LIBSSTATIC_CONFIG='-lfreetype -lz'
LIBS_PRIVATE='-lz'
LIBTOOL='$(SHELL) $(top_builddir)/libtool'
LIB_CLOCK_GETTIME=''
LIPO=''
LN_S='cp -pR'
LTLIBOBJS=''
LT_SYS_LIBRARY_PATH=''
MANIFEST_TOOL=':'
MKDIR_P='/usr/bin/mkdir -p'
NM='nm'
NMEDIT=''
OBJDUMP='objdump'
OBJEXT='o'
OTOOL64=''
OTOOL=''
PACKAGE_BUGREPORT='freetype@nongnu.org'
PACKAGE_NAME='FreeType'
PACKAGE_STRING='FreeType 2.10.2'
PACKAGE_TARNAME='freetype'
PACKAGE_URL=''
PACKAGE_VERSION='2.10.2'
PATH_SEPARATOR=':'
PKG_CONFIG=''
PKG_CONFIG_LIBDIR=''
PKG_CONFIG_PATH=''
PYTHON='python3'
PYTHON_VERSION='3.8.2'
RANLIB='ranlib'
RC='windres'
REQUIRES_PRIVATE=''
SED='/usr/bin/sed'
SHELL='/bin/sh'
STRIP='strip'
XX_ANSIFLAGS='-pedantic'
XX_CFLAGS='-Wall'
ZLIB_CFLAGS=''
ZLIB_LIBS='-lz'
ac_ct_AR='ar'
ac_ct_CC=''
ac_ct_DUMPBIN='link -dump'
bindir='${exec_prefix}/bin'
build='x86_64-pc-msys'
build_alias='x86_64-pc-msys'
build_cpu='x86_64'
build_libtool_libs=''
build_os='msys'
build_vendor='pc'
datadir='${datarootdir}'
datarootdir='${prefix}/share'
docdir='${datarootdir}/doc/${PACKAGE_TARNAME}'
dvidir='${docdir}'
exec_prefix='${prefix}'
ft_version='23.2.17'
ftmac_c=''
hardcode_libdir_flag_spec='-L$libdir'
host='x86_64-w64-mingw32'
host_alias='x86_64-w64-mingw32'
host_cpu='x86_64'
host_os='mingw32'
host_vendor='w64'
htmldir='${docdir}'
includedir='${prefix}/include'
infodir='${datarootdir}/info'
libdir='${exec_prefix}/lib'
libexecdir='${exec_prefix}/libexec'
localedir='${datarootdir}/locale'
localstatedir='${prefix}/var'
mandir='${datarootdir}/man'
oldincludedir='/usr/include'
pdfdir='${docdir}'
prefix='/usr'
program_transform_name='s,x,x,'
psdir='${docdir}'
sbindir='${exec_prefix}/sbin'
sharedstatedir='${prefix}/com'
sysconfdir='${prefix}/etc'
target_alias=''
version_info='23:2:17'
wl='-Wl,'

## ----------- ##
## confdefs.h. ##
## ----------- ##

/* confdefs.h */
#define PACKAGE_NAME "FreeType"
#define PACKAGE_TARNAME "freetype"
#define PACKAGE_VERSION "2.10.2"
#define PACKAGE_STRING "FreeType 2.10.2"
#define PACKAGE_BUGREPORT "freetype@nongnu.org"
#define PACKAGE_URL ""
#define STDC_HEADERS 1
#define HAVE_SYS_TYPES_H 1
#define HAVE_SYS_STAT_H 1
#define HAVE_STDLIB_H 1
#define HAVE_STRING_H 1
#define HAVE_MEMORY_H 1
#define HAVE_STRINGS_H 1
#define HAVE_INTTYPES_H 1
#define HAVE_STDINT_H 1
#define HAVE_UNISTD_H 1
#define LT_OBJDIR ".libs/"
#define STDC_HEADERS 1
#define HAVE_FCNTL_H 1
#define HAVE_UNISTD_H 1
#define SIZEOF_INT 4
#define SIZEOF_LONG 4
#define HAVE_UNSIGNED_LONG_LONG_INT 1
#define HAVE_LONG_LONG_INT 1
#define _FILE_OFFSET_BITS 64
#define HAVE_STDLIB_H 1
#define HAVE_UNISTD_H 1
#define HAVE_SYS_PARAM_H 1
#define HAVE_GETPAGESIZE 1
#define HAVE_MEMCPY 1
#define HAVE_MEMMOVE 1

configure: exit 0
